<?xml version="1.0" encoding="UTF-8"?>
<!-- Generated by org.testng.reporters.JUnitXMLReporter -->
<testsuite ignored="1" hostname="DasNaDas" failures="0" tests="1" name="Test" time="9.238" errors="0" timestamp="2025-09-14T12:02:41 CEST">
  <testcase classname="testCases.TC_002_LoginTest" name="verify_login" time="4.57"/>
  <testcase classname="testCases.TC_001_AccountRegistrationTest" name="verify_account_registration" time="0.0">
    <ignored/>
  </testcase> <!-- verify_account_registration -->
</testsuite> <!-- Test -->
