<?xml version="1.0" encoding="UTF-8"?>
<testng-results ignored="0" total="4" passed="4" failed="0" skipped="0">
  <reporter-output>
  </reporter-output>
  <suite started-at="2025-09-15T16:20:41 CEST" name="Suite" finished-at="2025-09-15T16:21:44 CEST" duration-ms="63329">
    <groups>
      <group name="Master">
        <method signature="TC_001_AccountRegistrationTest.verify_account_registration()[pri:0, instance:testCases.TC_001_AccountRegistrationTest@3c9754d8]" name="verify_account_registration" class="testCases.TC_001_AccountRegistrationTest"/>
        <method signature="TC_002_LoginTest.verify_login()[pri:0, instance:testCases.TC_002_LoginTest@bcec361]" name="verify_login" class="testCases.TC_002_LoginTest"/>
        <method signature="TC_001_AccountRegistrationTest.verify_account_registration()[pri:0, instance:testCases.TC_001_AccountRegistrationTest@5fbe4146]" name="verify_account_registration" class="testCases.TC_001_AccountRegistrationTest"/>
        <method signature="TC_002_LoginTest.verify_login()[pri:0, instance:testCases.TC_002_LoginTest@1e66f1f5]" name="verify_login" class="testCases.TC_002_LoginTest"/>
      </group> <!-- Master -->
      <group name="Regression">
        <method signature="TC_001_AccountRegistrationTest.verify_account_registration()[pri:0, instance:testCases.TC_001_AccountRegistrationTest@3c9754d8]" name="verify_account_registration" class="testCases.TC_001_AccountRegistrationTest"/>
        <method signature="TC_001_AccountRegistrationTest.verify_account_registration()[pri:0, instance:testCases.TC_001_AccountRegistrationTest@5fbe4146]" name="verify_account_registration" class="testCases.TC_001_AccountRegistrationTest"/>
      </group> <!-- Regression -->
      <group name="sanity">
        <method signature="TC_002_LoginTest.verify_login()[pri:0, instance:testCases.TC_002_LoginTest@bcec361]" name="verify_login" class="testCases.TC_002_LoginTest"/>
        <method signature="TC_002_LoginTest.verify_login()[pri:0, instance:testCases.TC_002_LoginTest@1e66f1f5]" name="verify_login" class="testCases.TC_002_LoginTest"/>
      </group> <!-- sanity -->
    </groups>
    <test started-at="2025-09-15T16:20:41 CEST" name="Linux-Chrome" finished-at="2025-09-15T16:21:11 CEST" duration-ms="30415">
      <class name="testCases.TC_001_AccountRegistrationTest">
        <test-method is-config="true" signature="setup(java.lang.String,java.lang.String)[pri:0, instance:testCases.TC_001_AccountRegistrationTest@3c9754d8]" started-at="2025-09-15T16:20:41 CEST" name="setup" finished-at="2025-09-15T16:20:53 CEST" duration-ms="11527" status="PASS">
          <params>
            <param index="0">
              <value>
                <![CDATA[Linux]]>
              </value>
            </param>
            <param index="1">
              <value>
                <![CDATA[chrome]]>
              </value>
            </param>
          </params>
          <reporter-output>
          </reporter-output>
        </test-method> <!-- setup -->
        <test-method signature="verify_account_registration()[pri:0, instance:testCases.TC_001_AccountRegistrationTest@3c9754d8]" started-at="2025-09-15T16:20:53 CEST" name="verify_account_registration" finished-at="2025-09-15T16:20:56 CEST" duration-ms="2952" status="PASS">
          <reporter-output>
          </reporter-output>
        </test-method> <!-- verify_account_registration -->
        <test-method is-config="true" signature="tearDown()[pri:0, instance:testCases.TC_001_AccountRegistrationTest@3c9754d8]" started-at="2025-09-15T16:20:56 CEST" name="tearDown" finished-at="2025-09-15T16:20:56 CEST" duration-ms="81" status="PASS">
          <reporter-output>
          </reporter-output>
        </test-method> <!-- tearDown -->
      </class> <!-- testCases.TC_001_AccountRegistrationTest -->
      <class name="testCases.TC_002_LoginTest">
        <test-method is-config="true" signature="setup(java.lang.String,java.lang.String)[pri:0, instance:testCases.TC_002_LoginTest@bcec361]" started-at="2025-09-15T16:20:56 CEST" name="setup" finished-at="2025-09-15T16:21:07 CEST" duration-ms="11124" status="PASS">
          <params>
            <param index="0">
              <value>
                <![CDATA[Linux]]>
              </value>
            </param>
            <param index="1">
              <value>
                <![CDATA[chrome]]>
              </value>
            </param>
          </params>
          <reporter-output>
          </reporter-output>
        </test-method> <!-- setup -->
        <test-method signature="verify_login()[pri:0, instance:testCases.TC_002_LoginTest@bcec361]" started-at="2025-09-15T16:21:07 CEST" name="verify_login" finished-at="2025-09-15T16:21:11 CEST" duration-ms="4322" status="PASS">
          <reporter-output>
          </reporter-output>
        </test-method> <!-- verify_login -->
        <test-method is-config="true" signature="tearDown()[pri:0, instance:testCases.TC_002_LoginTest@bcec361]" started-at="2025-09-15T16:21:11 CEST" name="tearDown" finished-at="2025-09-15T16:21:11 CEST" duration-ms="82" status="PASS">
          <reporter-output>
          </reporter-output>
        </test-method> <!-- tearDown -->
      </class> <!-- testCases.TC_002_LoginTest -->
    </test> <!-- Linux-Chrome -->
    <test started-at="2025-09-15T16:21:12 CEST" name="Linux-Firefox" finished-at="2025-09-15T16:21:44 CEST" duration-ms="31667">
      <class name="testCases.TC_001_AccountRegistrationTest">
        <test-method is-config="true" signature="setup(java.lang.String,java.lang.String)[pri:0, instance:testCases.TC_001_AccountRegistrationTest@5fbe4146]" started-at="2025-09-15T16:21:12 CEST" name="setup" finished-at="2025-09-15T16:21:21 CEST" duration-ms="8871" status="PASS">
          <params>
            <param index="0">
              <value>
                <![CDATA[Linux]]>
              </value>
            </param>
            <param index="1">
              <value>
                <![CDATA[firefox]]>
              </value>
            </param>
          </params>
          <reporter-output>
          </reporter-output>
        </test-method> <!-- setup -->
        <test-method signature="verify_account_registration()[pri:0, instance:testCases.TC_001_AccountRegistrationTest@5fbe4146]" started-at="2025-09-15T16:21:21 CEST" name="verify_account_registration" finished-at="2025-09-15T16:21:24 CEST" duration-ms="2302" status="PASS">
          <reporter-output>
          </reporter-output>
        </test-method> <!-- verify_account_registration -->
        <test-method is-config="true" signature="tearDown()[pri:0, instance:testCases.TC_001_AccountRegistrationTest@5fbe4146]" started-at="2025-09-15T16:21:24 CEST" name="tearDown" finished-at="2025-09-15T16:21:24 CEST" duration-ms="782" status="PASS">
          <reporter-output>
          </reporter-output>
        </test-method> <!-- tearDown -->
      </class> <!-- testCases.TC_001_AccountRegistrationTest -->
      <class name="testCases.TC_002_LoginTest">
        <test-method is-config="true" signature="setup(java.lang.String,java.lang.String)[pri:0, instance:testCases.TC_002_LoginTest@1e66f1f5]" started-at="2025-09-15T16:21:24 CEST" name="setup" finished-at="2025-09-15T16:21:39 CEST" duration-ms="14981" status="PASS">
          <params>
            <param index="0">
              <value>
                <![CDATA[Linux]]>
              </value>
            </param>
            <param index="1">
              <value>
                <![CDATA[firefox]]>
              </value>
            </param>
          </params>
          <reporter-output>
          </reporter-output>
        </test-method> <!-- setup -->
        <test-method signature="verify_login()[pri:0, instance:testCases.TC_002_LoginTest@1e66f1f5]" started-at="2025-09-15T16:21:39 CEST" name="verify_login" finished-at="2025-09-15T16:21:43 CEST" duration-ms="3896" status="PASS">
          <reporter-output>
          </reporter-output>
        </test-method> <!-- verify_login -->
        <test-method is-config="true" signature="tearDown()[pri:0, instance:testCases.TC_002_LoginTest@1e66f1f5]" started-at="2025-09-15T16:21:43 CEST" name="tearDown" finished-at="2025-09-15T16:21:44 CEST" duration-ms="827" status="PASS">
          <reporter-output>
          </reporter-output>
        </test-method> <!-- tearDown -->
      </class> <!-- testCases.TC_002_LoginTest -->
    </test> <!-- Linux-Firefox -->
  </suite> <!-- Suite -->
</testng-results>
